# JRE version: OpenJDK Runtime Environment Temurin-17.0.12+7 (17.0.12+7) (build 17.0.12+7)
# Java VM: OpenJDK 64-Bit Server VM Temurin-17.0.12+7 (17.0.12+7, mixed mode, tiered, compressed oops, compressed class ptrs, parallel gc, windows-amd64)
GC Precious Log:
 CPUs: 8 total, 8 available
 Memory: 7975M
 Large Page Support: Disabled
 NUMA Support: Disabled
 Compressed Oops: Enabled (32-bit)
 Alignments: Space 512K, Generation 512K, Heap 2M
 Heap Min Capacity: 100M
 Heap Initial Capacity: 100M
 Heap Max Capacity: 1G
 Pre-touch: Disabled
 Parallel Workers: 8
Heap:
 PSYoungGen      total 54272K, used 53431K [0x00000000eab00000, 0x00000000ee700000, 0x0000000100000000)
  eden space 53248K, 98% used [0x00000000eab00000,0x00000000ede2dc68,0x00000000edf00000)
  from space 1024K, 100% used [0x00000000ee600000,0x00000000ee700000,0x00000000ee700000)
  to   space 3584K, 0% used [0x00000000ee000000,0x00000000ee000000,0x00000000ee380000)
 ParOldGen       total 334848K, used 316087K [0x00000000c0000000, 0x00000000d4700000, 0x00000000eab00000)
  object space 334848K, 94% used [0x00000000c0000000,0x00000000d34adcf8,0x00000000d4700000)
 Metaspace       used 76462K, committed 77824K, reserved 1179648K
  class space    used 7874K, committed 8512K, reserved 1048576K
GC Heap History (20 events):
Event: 14.846 GC heap before
{Heap before GC invocations=159 (full 11):
 PSYoungGen      total 47104K, used 46744K [0x00000000eab00000, 0x00000000edb80000, 0x0000000100000000)
  eden space 45056K, 100% used [0x00000000eab00000,0x00000000ed700000,0x00000000ed700000)
  from space 2048K, 82% used [0x00000000ed980000,0x00000000edb262f8,0x00000000edb80000)
  to   space 2048K, 0% used [0x00000000ed780000,0x00000000ed780000,0x00000000ed980000)
 ParOldGen       total 334848K, used 309664K [0x00000000c0000000, 0x00000000d4700000, 0x00000000eab00000)
  object space 334848K, 92% used [0x00000000c0000000,0x00000000d2e68338,0x00000000d4700000)
 Metaspace       used 73502K, committed 74880K, reserved 1179648K
  class space    used 7576K, committed 8256K, reserved 1048576K
}
Event: 14.849 GC heap after
{Heap after GC invocations=159 (full 11):
 PSYoungGen      total 47616K, used 2042K [0x00000000eab00000, 0x00000000edf00000, 0x0000000100000000)
  eden space 45568K, 0% used [0x00000000eab00000,0x00000000eab00000,0x00000000ed780000)
  from space 2048K, 99% used [0x00000000ed780000,0x00000000ed97e980,0x00000000ed980000)
  to   space 2560K, 0% used [0x00000000edc80000,0x00000000edc80000,0x00000000edf00000)
 ParOldGen       total 334848K, used 309931K [0x00000000c0000000, 0x00000000d4700000, 0x00000000eab00000)
  object space 334848K, 92% used [0x00000000c0000000,0x00000000d2eaac38,0x00000000d4700000)
 Metaspace       used 73502K, committed 74880K, reserved 1179648K
  class space    used 7576K, committed 8256K, reserved 1048576K
}
Event: 14.884 GC heap before
{Heap before GC invocations=160 (full 11):
 PSYoungGen      total 47616K, used 47610K [0x00000000eab00000, 0x00000000edf00000, 0x0000000100000000)
  eden space 45568K, 100% used [0x00000000eab00000,0x00000000ed780000,0x00000000ed780000)
  from space 2048K, 99% used [0x00000000ed780000,0x00000000ed97e980,0x00000000ed980000)
  to   space 2560K, 0% used [0x00000000edc80000,0x00000000edc80000,0x00000000edf00000)
 ParOldGen       total 334848K, used 309931K [0x00000000c0000000, 0x00000000d4700000, 0x00000000eab00000)
  object space 334848K, 92% used [0x00000000c0000000,0x00000000d2eaac38,0x00000000d4700000)
 Metaspace       used 73513K, committed 74880K, reserved 1179648K
  class space    used 7576K, committed 8256K, reserved 1048576K
}
Event: 14.887 GC heap after
{Heap after GC invocations=160 (full 11):
 PSYoungGen      total 50688K, used 1791K [0x00000000eab00000, 0x00000000ede80000, 0x0000000100000000)
  eden space 48640K, 0% used [0x00000000eab00000,0x00000000eab00000,0x00000000eda80000)
  from space 2048K, 87% used [0x00000000edc80000,0x00000000ede3fe10,0x00000000ede80000)
  to   space 2048K, 0% used [0x00000000eda80000,0x00000000eda80000,0x00000000edc80000)
 ParOldGen       total 334848K, used 310821K [0x00000000c0000000, 0x00000000d4700000, 0x00000000eab00000)
  object space 334848K, 92% used [0x00000000c0000000,0x00000000d2f89558,0x00000000d4700000)
 Metaspace       used 73513K, committed 74880K, reserved 1179648K
  class space    used 7576K, committed 8256K, reserved 1048576K
}
Event: 14.917 GC heap before
{Heap before GC invocations=161 (full 11):
 PSYoungGen      total 50688K, used 50431K [0x00000000eab00000, 0x00000000ede80000, 0x0000000100000000)
  eden space 48640K, 100% used [0x00000000eab00000,0x00000000eda80000,0x00000000eda80000)
  from space 2048K, 87% used [0x00000000edc80000,0x00000000ede3fe10,0x00000000ede80000)
  to   space 2048K, 0% used [0x00000000eda80000,0x00000000eda80000,0x00000000edc80000)
 ParOldGen       total 334848K, used 310821K [0x00000000c0000000, 0x00000000d4700000, 0x00000000eab00000)
  object space 334848K, 92% used [0x00000000c0000000,0x00000000d2f89558,0x00000000d4700000)
 Metaspace       used 73516K, committed 74880K, reserved 1179648K
  class space    used 7576K, committed 8256K, reserved 1048576K
}
Event: 14.920 GC heap after
{Heap after GC invocations=161 (full 11):
 PSYoungGen      total 50688K, used 2036K [0x00000000eab00000, 0x00000000ee300000, 0x0000000100000000)
  eden space 48640K, 0% used [0x00000000eab00000,0x00000000eab00000,0x00000000eda80000)
  from space 2048K, 99% used [0x00000000eda80000,0x00000000edc7d048,0x00000000edc80000)
  to   space 2560K, 0% used [0x00000000ee080000,0x00000000ee080000,0x00000000ee300000)
 ParOldGen       total 334848K, used 311101K [0x00000000c0000000, 0x00000000d4700000, 0x00000000eab00000)
  object space 334848K, 92% used [0x00000000c0000000,0x00000000d2fcf558,0x00000000d4700000)
 Metaspace       used 73516K, committed 74880K, reserved 1179648K
  class space    used 7576K, committed 8256K, reserved 1048576K
}
Event: 14.950 GC heap before
{Heap before GC invocations=162 (full 11):
 PSYoungGen      total 50688K, used 50676K [0x00000000eab00000, 0x00000000ee300000, 0x0000000100000000)
  eden space 48640K, 100% used [0x00000000eab00000,0x00000000eda80000,0x00000000eda80000)
  from space 2048K, 99% used [0x00000000eda80000,0x00000000edc7d048,0x00000000edc80000)
  to   space 2560K, 0% used [0x00000000ee080000,0x00000000ee080000,0x00000000ee300000)
 ParOldGen       total 334848K, used 311101K [0x00000000c0000000, 0x00000000d4700000, 0x00000000eab00000)
  object space 334848K, 92% used [0x00000000c0000000,0x00000000d2fcf558,0x00000000d4700000)
 Metaspace       used 73519K, committed 74880K, reserved 1179648K
  class space    used 7576K, committed 8256K, reserved 1048576K
}
Event: 14.953 GC heap after
{Heap after GC invocations=162 (full 11):
 PSYoungGen      total 54272K, used 1832K [0x00000000eab00000, 0x00000000ee280000, 0x0000000100000000)
  eden space 52224K, 0% used [0x00000000eab00000,0x00000000eab00000,0x00000000ede00000)
  from space 2048K, 89% used [0x00000000ee080000,0x00000000ee24a3f0,0x00000000ee280000)
  to   space 2048K, 0% used [0x00000000ede80000,0x00000000ede80000,0x00000000ee080000)
 ParOldGen       total 334848K, used 312113K [0x00000000c0000000, 0x00000000d4700000, 0x00000000eab00000)
  object space 334848K, 93% used [0x00000000c0000000,0x00000000d30cc630,0x00000000d4700000)
 Metaspace       used 73519K, committed 74880K, reserved 1179648K
  class space    used 7576K, committed 8256K, reserved 1048576K
}
Event: 14.999 GC heap before
{Heap before GC invocations=163 (full 11):
 PSYoungGen      total 54272K, used 54056K [0x00000000eab00000, 0x00000000ee280000, 0x0000000100000000)
  eden space 52224K, 100% used [0x00000000eab00000,0x00000000ede00000,0x00000000ede00000)
  from space 2048K, 89% used [0x00000000ee080000,0x00000000ee24a3f0,0x00000000ee280000)
  to   space 2048K, 0% used [0x00000000ede80000,0x00000000ede80000,0x00000000ee080000)
 ParOldGen       total 334848K, used 312113K [0x00000000c0000000, 0x00000000d4700000, 0x00000000eab00000)
  object space 334848K, 93% used [0x00000000c0000000,0x00000000d30cc630,0x00000000d4700000)
 Metaspace       used 73532K, committed 74880K, reserved 1179648K
  class space    used 7577K, committed 8256K, reserved 1048576K
}
Event: 15.002 GC heap after
{Heap after GC invocations=163 (full 11):
 PSYoungGen      total 54784K, used 1774K [0x00000000eab00000, 0x00000000ee580000, 0x0000000100000000)
  eden space 52736K, 0% used [0x00000000eab00000,0x00000000eab00000,0x00000000ede80000)
  from space 2048K, 86% used [0x00000000ede80000,0x00000000ee03baf0,0x00000000ee080000)
  to   space 2048K, 0% used [0x00000000ee380000,0x00000000ee380000,0x00000000ee580000)
 ParOldGen       total 334848K, used 312121K [0x00000000c0000000, 0x00000000d4700000, 0x00000000eab00000)
  object space 334848K, 93% used [0x00000000c0000000,0x00000000d30ce630,0x00000000d4700000)
 Metaspace       used 73532K, committed 74880K, reserved 1179648K
  class space    used 7577K, committed 8256K, reserved 1048576K
}
Event: 15.049 GC heap before
{Heap before GC invocations=164 (full 11):
 PSYoungGen      total 54784K, used 54510K [0x00000000eab00000, 0x00000000ee580000, 0x0000000100000000)
  eden space 52736K, 100% used [0x00000000eab00000,0x00000000ede80000,0x00000000ede80000)
  from space 2048K, 86% used [0x00000000ede80000,0x00000000ee03baf0,0x00000000ee080000)
  to   space 2048K, 0% used [0x00000000ee380000,0x00000000ee380000,0x00000000ee580000)
 ParOldGen       total 334848K, used 312121K [0x00000000c0000000, 0x00000000d4700000, 0x00000000eab00000)
  object space 334848K, 93% used [0x00000000c0000000,0x00000000d30ce630,0x00000000d4700000)
 Metaspace       used 73533K, committed 74880K, reserved 1179648K
  class space    used 7577K, committed 8256K, reserved 1048576K
}
Event: 15.052 GC heap after
{Heap after GC invocations=164 (full 11):
 PSYoungGen      total 57344K, used 2030K [0x00000000eab00000, 0x00000000ee700000, 0x0000000100000000)
  eden space 55296K, 0% used [0x00000000eab00000,0x00000000eab00000,0x00000000ee100000)
  from space 2048K, 99% used [0x00000000ee380000,0x00000000ee57baf0,0x00000000ee580000)
  to   space 2560K, 0% used [0x00000000ee100000,0x00000000ee100000,0x00000000ee380000)
 ParOldGen       total 334848K, used 312129K [0x00000000c0000000, 0x00000000d4700000, 0x00000000eab00000)
  object space 334848K, 93% used [0x00000000c0000000,0x00000000d30d0630,0x00000000d4700000)
 Metaspace       used 73533K, committed 74880K, reserved 1179648K
  class space    used 7577K, committed 8256K, reserved 1048576K
}
Event: 15.107 GC heap before
{Heap before GC invocations=165 (full 11):
 PSYoungGen      total 57344K, used 57326K [0x00000000eab00000, 0x00000000ee700000, 0x0000000100000000)
  eden space 55296K, 100% used [0x00000000eab00000,0x00000000ee100000,0x00000000ee100000)
  from space 2048K, 99% used [0x00000000ee380000,0x00000000ee57baf0,0x00000000ee580000)
  to   space 2560K, 0% used [0x00000000ee100000,0x00000000ee100000,0x00000000ee380000)
 ParOldGen       total 334848K, used 312129K [0x00000000c0000000, 0x00000000d4700000, 0x00000000eab00000)
  object space 334848K, 93% used [0x00000000c0000000,0x00000000d30d0630,0x00000000d4700000)
 Metaspace       used 73536K, committed 74880K, reserved 1179648K
  class space    used 7577K, committed 8256K, reserved 1048576K
}
Event: 15.111 GC heap after
{Heap after GC invocations=165 (full 11):
 PSYoungGen      total 57856K, used 1632K [0x00000000eab00000, 0x00000000ee880000, 0x0000000100000000)
  eden space 55296K, 0% used [0x00000000eab00000,0x00000000eab00000,0x00000000ee100000)
  from space 2560K, 63% used [0x00000000ee100000,0x00000000ee298000,0x00000000ee380000)
  to   space 2048K, 0% used [0x00000000ee680000,0x00000000ee680000,0x00000000ee880000)
 ParOldGen       total 334848K, used 312992K [0x00000000c0000000, 0x00000000d4700000, 0x00000000eab00000)
  object space 334848K, 93% used [0x00000000c0000000,0x00000000d31a8260,0x00000000d4700000)
 Metaspace       used 73536K, committed 74880K, reserved 1179648K
  class space    used 7577K, committed 8256K, reserved 1048576K
}
Event: 15.251 GC heap before
{Heap before GC invocations=166 (full 11):
 PSYoungGen      total 57856K, used 56928K [0x00000000eab00000, 0x00000000ee880000, 0x0000000100000000)
  eden space 55296K, 100% used [0x00000000eab00000,0x00000000ee100000,0x00000000ee100000)
  from space 2560K, 63% used [0x00000000ee100000,0x00000000ee298000,0x00000000ee380000)
  to   space 2048K, 0% used [0x00000000ee680000,0x00000000ee680000,0x00000000ee880000)
 ParOldGen       total 334848K, used 312992K [0x00000000c0000000, 0x00000000d4700000, 0x00000000eab00000)
  object space 334848K, 93% used [0x00000000c0000000,0x00000000d31a8260,0x00000000d4700000)
 Metaspace       used 73638K, committed 75008K, reserved 1179648K
  class space    used 7587K, committed 8256K, reserved 1048576K
}
Event: 15.254 GC heap after
{Heap after GC invocations=166 (full 11):
 PSYoungGen      total 56320K, used 2025K [0x00000000eab00000, 0x00000000ee880000, 0x0000000100000000)
  eden space 54272K, 0% used [0x00000000eab00000,0x00000000eab00000,0x00000000ee000000)
  from space 2048K, 98% used [0x00000000ee680000,0x00000000ee87a400,0x00000000ee880000)
  to   space 2560K, 0% used [0x00000000ee380000,0x00000000ee380000,0x00000000ee600000)
 ParOldGen       total 334848K, used 313320K [0x00000000c0000000, 0x00000000d4700000, 0x00000000eab00000)
  object space 334848K, 93% used [0x00000000c0000000,0x00000000d31fa260,0x00000000d4700000)
 Metaspace       used 73638K, committed 75008K, reserved 1179648K
  class space    used 7587K, committed 8256K, reserved 1048576K
}
Event: 15.315 GC heap before
{Heap before GC invocations=167 (full 11):
 PSYoungGen      total 56320K, used 56297K [0x00000000eab00000, 0x00000000ee880000, 0x0000000100000000)
  eden space 54272K, 100% used [0x00000000eab00000,0x00000000ee000000,0x00000000ee000000)
  from space 2048K, 98% used [0x00000000ee680000,0x00000000ee87a400,0x00000000ee880000)
  to   space 2560K, 0% used [0x00000000ee380000,0x00000000ee380000,0x00000000ee600000)
 ParOldGen       total 334848K, used 313320K [0x00000000c0000000, 0x00000000d4700000, 0x00000000eab00000)
  object space 334848K, 93% used [0x00000000c0000000,0x00000000d31fa278,0x00000000d4700000)
 Metaspace       used 73655K, committed 75008K, reserved 1179648K
  class space    used 7587K, committed 8256K, reserved 1048576K
}
Event: 15.318 GC heap after
{Heap after GC invocations=167 (full 11):
 PSYoungGen      total 56832K, used 2132K [0x00000000eab00000, 0x00000000ee700000, 0x0000000100000000)
  eden space 54272K, 0% used [0x00000000eab00000,0x00000000eab00000,0x00000000ee000000)
  from space 2560K, 83% used [0x00000000ee380000,0x00000000ee595200,0x00000000ee600000)
  to   space 1024K, 0% used [0x00000000ee600000,0x00000000ee600000,0x00000000ee700000)
 ParOldGen       total 334848K, used 313976K [0x00000000c0000000, 0x00000000d4700000, 0x00000000eab00000)
  object space 334848K, 93% used [0x00000000c0000000,0x00000000d329e278,0x00000000d4700000)
 Metaspace       used 73655K, committed 75008K, reserved 1179648K
  class space    used 7587K, committed 8256K, reserved 1048576K
}
Event: 15.487 GC heap before
{Heap before GC invocations=168 (full 11):
 PSYoungGen      total 56832K, used 56404K [0x00000000eab00000, 0x00000000ee700000, 0x0000000100000000)
  eden space 54272K, 100% used [0x00000000eab00000,0x00000000ee000000,0x00000000ee000000)
  from space 2560K, 83% used [0x00000000ee380000,0x00000000ee595200,0x00000000ee600000)
  to   space 1024K, 0% used [0x00000000ee600000,0x00000000ee600000,0x00000000ee700000)
 ParOldGen       total 334848K, used 313978K [0x00000000c0000000, 0x00000000d4700000, 0x00000000eab00000)
  object space 334848K, 93% used [0x00000000c0000000,0x00000000d329eab8,0x00000000d4700000)
 Metaspace       used 73976K, committed 75264K, reserved 1179648K
  class space    used 7621K, committed 8256K, reserved 1048576K
}
Event: 15.491 GC heap after
{Heap after GC invocations=168 (full 11):
 PSYoungGen      total 54272K, used 1024K [0x00000000eab00000, 0x00000000ee700000, 0x0000000100000000)
  eden space 53248K, 0% used [0x00000000eab00000,0x00000000eab00000,0x00000000edf00000)
  from space 1024K, 100% used [0x00000000ee600000,0x00000000ee700000,0x00000000ee700000)
  to   space 3584K, 0% used [0x00000000ee000000,0x00000000ee000000,0x00000000ee380000)
 ParOldGen       total 334848K, used 316087K [0x00000000c0000000, 0x00000000d4700000, 0x00000000eab00000)
  object space 334848K, 94% used [0x00000000c0000000,0x00000000d34adcf8,0x00000000d4700000)
 Metaspace       used 73976K, committed 75264K, reserved 1179648K
  class space    used 7621K, committed 8256K, reserved 1048576K
}

