# JRE version: OpenJDK Runtime Environment Temurin-17.0.12+7 (17.0.12+7) (build 17.0.12+7)
# Java VM: OpenJDK 64-Bit Server VM Temurin-17.0.12+7 (17.0.12+7, mixed mode, tiered, compressed oops, compressed class ptrs, parallel gc, windows-amd64)
GC Precious Log:
 CPUs: 8 total, 8 available
 Memory: 7975M
 Large Page Support: Disabled
 NUMA Support: Disabled
 Compressed Oops: Enabled (32-bit)
 Alignments: Space 512K, Generation 512K, Heap 2M
 Heap Min Capacity: 100M
 Heap Initial Capacity: 100M
 Heap Max Capacity: 1G
 Pre-touch: Disabled
 Parallel Workers: 8
Heap:
 PSYoungGen      total 25600K, used 23822K [0x00000000eab00000, 0x00000000ece00000, 0x0000000100000000)
  eden space 17408K, 90% used [0x00000000eab00000,0x00000000eba5aaf8,0x00000000ebc00000)
  from space 8192K, 98% used [0x00000000ec600000,0x00000000ecde8e08,0x00000000ece00000)
  to   space 8704K, 0% used [0x00000000ebd00000,0x00000000ebd00000,0x00000000ec580000)
 ParOldGen       total 396800K, used 390134K [0x00000000c0000000, 0x00000000d8380000, 0x00000000eab00000)
  object space 396800K, 98% used [0x00000000c0000000,0x00000000d7cfd8d0,0x00000000d8380000)
 Metaspace       used 80755K, committed 82304K, reserved 1179648K
  class space    used 8303K, committed 9024K, reserved 1048576K
GC Heap History (20 events):
Event: 28.873 GC heap before
{Heap before GC invocations=310 (full 14):
 PSYoungGen      total 32256K, used 32245K [0x00000000eab00000, 0x00000000ed000000, 0x0000000100000000)
  eden space 28160K, 100% used [0x00000000eab00000,0x00000000ec680000,0x00000000ec680000)
  from space 4096K, 99% used [0x00000000ecb00000,0x00000000ecefd4a0,0x00000000ecf00000)
  to   space 4608K, 0% used [0x00000000ec680000,0x00000000ec680000,0x00000000ecb00000)
 ParOldGen       total 373248K, used 351090K [0x00000000c0000000, 0x00000000d6c80000, 0x00000000eab00000)
  object space 373248K, 94% used [0x00000000c0000000,0x00000000d56dc888,0x00000000d6c80000)
 Metaspace       used 73423K, committed 74752K, reserved 1179648K
  class space    used 7565K, committed 8128K, reserved 1048576K
}
Event: 28.878 GC heap after
{Heap after GC invocations=310 (full 14):
 PSYoungGen      total 32768K, used 3894K [0x00000000eab00000, 0x00000000ed080000, 0x0000000100000000)
  eden space 28160K, 0% used [0x00000000eab00000,0x00000000eab00000,0x00000000ec680000)
  from space 4608K, 84% used [0x00000000ec680000,0x00000000eca4dae8,0x00000000ecb00000)
  to   space 4096K, 0% used [0x00000000ecc80000,0x00000000ecc80000,0x00000000ed080000)
 ParOldGen       total 373248K, used 352238K [0x00000000c0000000, 0x00000000d6c80000, 0x00000000eab00000)
  object space 373248K, 94% used [0x00000000c0000000,0x00000000d57fb958,0x00000000d6c80000)
 Metaspace       used 73423K, committed 74752K, reserved 1179648K
  class space    used 7565K, committed 8128K, reserved 1048576K
}
Event: 28.963 GC heap before
{Heap before GC invocations=311 (full 14):
 PSYoungGen      total 32768K, used 32054K [0x00000000eab00000, 0x00000000ed080000, 0x0000000100000000)
  eden space 28160K, 100% used [0x00000000eab00000,0x00000000ec680000,0x00000000ec680000)
  from space 4608K, 84% used [0x00000000ec680000,0x00000000eca4dae8,0x00000000ecb00000)
  to   space 4096K, 0% used [0x00000000ecc80000,0x00000000ecc80000,0x00000000ed080000)
 ParOldGen       total 373248K, used 352238K [0x00000000c0000000, 0x00000000d6c80000, 0x00000000eab00000)
  object space 373248K, 94% used [0x00000000c0000000,0x00000000d57fb958,0x00000000d6c80000)
 Metaspace       used 73610K, committed 74880K, reserved 1179648K
  class space    used 7583K, committed 8128K, reserved 1048576K
}
Event: 28.969 GC heap after
{Heap after GC invocations=311 (full 14):
 PSYoungGen      total 31744K, used 4082K [0x00000000eab00000, 0x00000000ed580000, 0x0000000100000000)
  eden space 27648K, 0% used [0x00000000eab00000,0x00000000eab00000,0x00000000ec600000)
  from space 4096K, 99% used [0x00000000ecc80000,0x00000000ed07c838,0x00000000ed080000)
  to   space 6656K, 0% used [0x00000000ec600000,0x00000000ec600000,0x00000000ecc80000)
 ParOldGen       total 373248K, used 354130K [0x00000000c0000000, 0x00000000d6c80000, 0x00000000eab00000)
  object space 373248K, 94% used [0x00000000c0000000,0x00000000d59d4978,0x00000000d6c80000)
 Metaspace       used 73610K, committed 74880K, reserved 1179648K
  class space    used 7583K, committed 8128K, reserved 1048576K
}
Event: 306.166 GC heap before
{Heap before GC invocations=312 (full 14):
 PSYoungGen      total 31744K, used 31728K [0x00000000eab00000, 0x00000000ed580000, 0x0000000100000000)
  eden space 27648K, 99% used [0x00000000eab00000,0x00000000ec5ff8c8,0x00000000ec600000)
  from space 4096K, 99% used [0x00000000ecc80000,0x00000000ed07c838,0x00000000ed080000)
  to   space 6656K, 0% used [0x00000000ec600000,0x00000000ec600000,0x00000000ecc80000)
 ParOldGen       total 373248K, used 354130K [0x00000000c0000000, 0x00000000d6c80000, 0x00000000eab00000)
  object space 373248K, 94% used [0x00000000c0000000,0x00000000d59d4978,0x00000000d6c80000)
 Metaspace       used 74441K, committed 75712K, reserved 1179648K
  class space    used 7686K, committed 8256K, reserved 1048576K
}
Event: 306.747 GC heap after
{Heap after GC invocations=312 (full 14):
 PSYoungGen      total 31232K, used 3936K [0x00000000eab00000, 0x00000000ecf80000, 0x0000000100000000)
  eden space 27136K, 0% used [0x00000000eab00000,0x00000000eab00000,0x00000000ec580000)
  from space 4096K, 96% used [0x00000000ec600000,0x00000000ec9d8050,0x00000000eca00000)
  to   space 5120K, 0% used [0x00000000eca80000,0x00000000eca80000,0x00000000ecf80000)
 ParOldGen       total 373248K, used 355272K [0x00000000c0000000, 0x00000000d6c80000, 0x00000000eab00000)
  object space 373248K, 95% used [0x00000000c0000000,0x00000000d5af2288,0x00000000d6c80000)
 Metaspace       used 74441K, committed 75712K, reserved 1179648K
  class space    used 7686K, committed 8256K, reserved 1048576K
}
Event: 308.687 GC heap before
{Heap before GC invocations=313 (full 14):
 PSYoungGen      total 31232K, used 31072K [0x00000000eab00000, 0x00000000ecf80000, 0x0000000100000000)
  eden space 27136K, 100% used [0x00000000eab00000,0x00000000ec580000,0x00000000ec580000)
  from space 4096K, 96% used [0x00000000ec600000,0x00000000ec9d8050,0x00000000eca00000)
  to   space 5120K, 0% used [0x00000000eca80000,0x00000000eca80000,0x00000000ecf80000)
 ParOldGen       total 373248K, used 355272K [0x00000000c0000000, 0x00000000d6c80000, 0x00000000eab00000)
  object space 373248K, 95% used [0x00000000c0000000,0x00000000d5af2288,0x00000000d6c80000)
 Metaspace       used 76329K, committed 77632K, reserved 1179648K
  class space    used 7842K, committed 8384K, reserved 1048576K
}
Event: 308.698 GC heap after
{Heap after GC invocations=313 (full 14):
 PSYoungGen      total 30720K, used 5095K [0x00000000eab00000, 0x00000000ed280000, 0x0000000100000000)
  eden space 25600K, 0% used [0x00000000eab00000,0x00000000eab00000,0x00000000ec400000)
  from space 5120K, 99% used [0x00000000eca80000,0x00000000ecf79e08,0x00000000ecf80000)
  to   space 6656K, 0% used [0x00000000ec400000,0x00000000ec400000,0x00000000eca80000)
 ParOldGen       total 373248K, used 356211K [0x00000000c0000000, 0x00000000d6c80000, 0x00000000eab00000)
  object space 373248K, 95% used [0x00000000c0000000,0x00000000d5bdcd20,0x00000000d6c80000)
 Metaspace       used 76329K, committed 77632K, reserved 1179648K
  class space    used 7842K, committed 8384K, reserved 1048576K
}
Event: 308.931 GC heap before
{Heap before GC invocations=314 (full 14):
 PSYoungGen      total 30720K, used 30695K [0x00000000eab00000, 0x00000000ed280000, 0x0000000100000000)
  eden space 25600K, 100% used [0x00000000eab00000,0x00000000ec400000,0x00000000ec400000)
  from space 5120K, 99% used [0x00000000eca80000,0x00000000ecf79e08,0x00000000ecf80000)
  to   space 6656K, 0% used [0x00000000ec400000,0x00000000ec400000,0x00000000eca80000)
 ParOldGen       total 373248K, used 356211K [0x00000000c0000000, 0x00000000d6c80000, 0x00000000eab00000)
  object space 373248K, 95% used [0x00000000c0000000,0x00000000d5bdcd20,0x00000000d6c80000)
 Metaspace       used 77519K, committed 78848K, reserved 1179648K
  class space    used 7947K, committed 8512K, reserved 1048576K
}
Event: 308.939 GC heap after
{Heap after GC invocations=314 (full 14):
 PSYoungGen      total 31232K, used 5586K [0x00000000eab00000, 0x00000000ed000000, 0x0000000100000000)
  eden space 25600K, 0% used [0x00000000eab00000,0x00000000eab00000,0x00000000ec400000)
  from space 5632K, 99% used [0x00000000ec400000,0x00000000ec974938,0x00000000ec980000)
  to   space 6144K, 0% used [0x00000000eca00000,0x00000000eca00000,0x00000000ed000000)
 ParOldGen       total 373248K, used 356939K [0x00000000c0000000, 0x00000000d6c80000, 0x00000000eab00000)
  object space 373248K, 95% used [0x00000000c0000000,0x00000000d5c92d20,0x00000000d6c80000)
 Metaspace       used 77519K, committed 78848K, reserved 1179648K
  class space    used 7947K, committed 8512K, reserved 1048576K
}
Event: 311.090 GC heap before
{Heap before GC invocations=315 (full 14):
 PSYoungGen      total 31232K, used 31186K [0x00000000eab00000, 0x00000000ed000000, 0x0000000100000000)
  eden space 25600K, 100% used [0x00000000eab00000,0x00000000ec400000,0x00000000ec400000)
  from space 5632K, 99% used [0x00000000ec400000,0x00000000ec974938,0x00000000ec980000)
  to   space 6144K, 0% used [0x00000000eca00000,0x00000000eca00000,0x00000000ed000000)
 ParOldGen       total 373248K, used 356939K [0x00000000c0000000, 0x00000000d6c80000, 0x00000000eab00000)
  object space 373248K, 95% used [0x00000000c0000000,0x00000000d5c92d20,0x00000000d6c80000)
 Metaspace       used 78552K, committed 79872K, reserved 1179648K
  class space    used 8062K, committed 8640K, reserved 1048576K
}
Event: 311.193 GC heap after
{Heap after GC invocations=315 (full 14):
 PSYoungGen      total 31744K, used 5789K [0x00000000eab00000, 0x00000000ed000000, 0x0000000100000000)
  eden space 25600K, 0% used [0x00000000eab00000,0x00000000eab00000,0x00000000ec400000)
  from space 6144K, 94% used [0x00000000eca00000,0x00000000ecfa7738,0x00000000ed000000)
  to   space 6144K, 0% used [0x00000000ec400000,0x00000000ec400000,0x00000000eca00000)
 ParOldGen       total 373248K, used 356947K [0x00000000c0000000, 0x00000000d6c80000, 0x00000000eab00000)
  object space 373248K, 95% used [0x00000000c0000000,0x00000000d5c94d20,0x00000000d6c80000)
 Metaspace       used 78552K, committed 79872K, reserved 1179648K
  class space    used 8062K, committed 8640K, reserved 1048576K
}
Event: 315.202 GC heap before
{Heap before GC invocations=316 (full 14):
 PSYoungGen      total 31744K, used 31389K [0x00000000eab00000, 0x00000000ed000000, 0x0000000100000000)
  eden space 25600K, 100% used [0x00000000eab00000,0x00000000ec400000,0x00000000ec400000)
  from space 6144K, 94% used [0x00000000eca00000,0x00000000ecfa7738,0x00000000ed000000)
  to   space 6144K, 0% used [0x00000000ec400000,0x00000000ec400000,0x00000000eca00000)
 ParOldGen       total 373248K, used 356947K [0x00000000c0000000, 0x00000000d6c80000, 0x00000000eab00000)
  object space 373248K, 95% used [0x00000000c0000000,0x00000000d5c94d20,0x00000000d6c80000)
 Metaspace       used 79498K, committed 80896K, reserved 1179648K
  class space    used 8196K, committed 8768K, reserved 1048576K
}
Event: 315.211 GC heap after
{Heap after GC invocations=316 (full 14):
 PSYoungGen      total 31744K, used 6140K [0x00000000eab00000, 0x00000000ed200000, 0x0000000100000000)
  eden space 25600K, 0% used [0x00000000eab00000,0x00000000eab00000,0x00000000ec400000)
  from space 6144K, 99% used [0x00000000ec400000,0x00000000ec9ff228,0x00000000eca00000)
  to   space 7168K, 0% used [0x00000000ecb00000,0x00000000ecb00000,0x00000000ed200000)
 ParOldGen       total 373248K, used 357765K [0x00000000c0000000, 0x00000000d6c80000, 0x00000000eab00000)
  object space 373248K, 95% used [0x00000000c0000000,0x00000000d5d61670,0x00000000d6c80000)
 Metaspace       used 79498K, committed 80896K, reserved 1179648K
  class space    used 8196K, committed 8768K, reserved 1048576K
}
Event: 318.262 GC heap before
{Heap before GC invocations=317 (full 14):
 PSYoungGen      total 31744K, used 31713K [0x00000000eab00000, 0x00000000ed200000, 0x0000000100000000)
  eden space 25600K, 99% used [0x00000000eab00000,0x00000000ec3f91e0,0x00000000ec400000)
  from space 6144K, 99% used [0x00000000ec400000,0x00000000ec9ff228,0x00000000eca00000)
  to   space 7168K, 0% used [0x00000000ecb00000,0x00000000ecb00000,0x00000000ed200000)
 ParOldGen       total 373248K, used 357765K [0x00000000c0000000, 0x00000000d6c80000, 0x00000000eab00000)
  object space 373248K, 95% used [0x00000000c0000000,0x00000000d5d61670,0x00000000d6c80000)
 Metaspace       used 80541K, committed 82048K, reserved 1179648K
  class space    used 8293K, committed 8960K, reserved 1048576K
}
Event: 318.273 GC heap after
{Heap after GC invocations=317 (full 14):
 PSYoungGen      total 24576K, used 7151K [0x00000000eab00000, 0x00000000ee200000, 0x0000000100000000)
  eden space 17408K, 0% used [0x00000000eab00000,0x00000000eab00000,0x00000000ebc00000)
  from space 7168K, 99% used [0x00000000ecb00000,0x00000000ed1fbfb8,0x00000000ed200000)
  to   space 15360K, 0% used [0x00000000ebc00000,0x00000000ebc00000,0x00000000ecb00000)
 ParOldGen       total 373248K, used 364357K [0x00000000c0000000, 0x00000000d6c80000, 0x00000000eab00000)
  object space 373248K, 97% used [0x00000000c0000000,0x00000000d63d1690,0x00000000d6c80000)
 Metaspace       used 80541K, committed 82048K, reserved 1179648K
  class space    used 8293K, committed 8960K, reserved 1048576K
}
Event: 318.737 GC heap before
{Heap before GC invocations=318 (full 14):
 PSYoungGen      total 24576K, used 24559K [0x00000000eab00000, 0x00000000ee200000, 0x0000000100000000)
  eden space 17408K, 100% used [0x00000000eab00000,0x00000000ebc00000,0x00000000ebc00000)
  from space 7168K, 99% used [0x00000000ecb00000,0x00000000ed1fbfb8,0x00000000ed200000)
  to   space 15360K, 0% used [0x00000000ebc00000,0x00000000ebc00000,0x00000000ecb00000)
 ParOldGen       total 373248K, used 364357K [0x00000000c0000000, 0x00000000d6c80000, 0x00000000eab00000)
  object space 373248K, 97% used [0x00000000c0000000,0x00000000d63d1690,0x00000000d6c80000)
 Metaspace       used 80636K, committed 82112K, reserved 1179648K
  class space    used 8302K, committed 8960K, reserved 1048576K
}
Event: 318.776 GC heap after
{Heap after GC invocations=318 (full 14):
 PSYoungGen      total 25600K, used 7859K [0x00000000eab00000, 0x00000000ed000000, 0x0000000100000000)
  eden space 17408K, 0% used [0x00000000eab00000,0x00000000eab00000,0x00000000ebc00000)
  from space 8192K, 95% used [0x00000000ebc00000,0x00000000ec3ace18,0x00000000ec400000)
  to   space 10240K, 0% used [0x00000000ec600000,0x00000000ec600000,0x00000000ed000000)
 ParOldGen       total 373248K, used 367086K [0x00000000c0000000, 0x00000000d6c80000, 0x00000000eab00000)
  object space 373248K, 98% used [0x00000000c0000000,0x00000000d667b8b0,0x00000000d6c80000)
 Metaspace       used 80636K, committed 82112K, reserved 1179648K
  class space    used 8302K, committed 8960K, reserved 1048576K
}
Event: 318.813 GC heap before
{Heap before GC invocations=319 (full 14):
 PSYoungGen      total 25600K, used 25267K [0x00000000eab00000, 0x00000000ed000000, 0x0000000100000000)
  eden space 17408K, 100% used [0x00000000eab00000,0x00000000ebc00000,0x00000000ebc00000)
  from space 8192K, 95% used [0x00000000ebc00000,0x00000000ec3ace18,0x00000000ec400000)
  to   space 10240K, 0% used [0x00000000ec600000,0x00000000ec600000,0x00000000ed000000)
 ParOldGen       total 396800K, used 390126K [0x00000000c0000000, 0x00000000d8380000, 0x00000000eab00000)
  object space 396800K, 98% used [0x00000000c0000000,0x00000000d7cfb8d0,0x00000000d8380000)
 Metaspace       used 80649K, committed 82112K, reserved 1179648K
  class space    used 8303K, committed 8960K, reserved 1048576K
}
Event: 318.818 GC heap after
{Heap after GC invocations=319 (full 14):
 PSYoungGen      total 25600K, used 8099K [0x00000000eab00000, 0x00000000ece00000, 0x0000000100000000)
  eden space 17408K, 0% used [0x00000000eab00000,0x00000000eab00000,0x00000000ebc00000)
  from space 8192K, 98% used [0x00000000ec600000,0x00000000ecde8e08,0x00000000ece00000)
  to   space 8704K, 0% used [0x00000000ebd00000,0x00000000ebd00000,0x00000000ec580000)
 ParOldGen       total 396800K, used 390134K [0x00000000c0000000, 0x00000000d8380000, 0x00000000eab00000)
  object space 396800K, 98% used [0x00000000c0000000,0x00000000d7cfd8d0,0x00000000d8380000)
 Metaspace       used 80649K, committed 82112K, reserved 1179648K
  class space    used 8303K, committed 8960K, reserved 1048576K
}

